# JRE version: OpenJDK Runtime Environment (11.0.10) (build 11.0.10+0-b96-7249189)
# Java VM: OpenJDK 64-Bit Server VM (11.0.10+0-b96-7249189, mixed mode, tiered, compressed oops, g1 gc, windows-amd64)
Heap:
 garbage-first heap   total 277504K, used 232548K [0x00000000a0000000, 0x0000000100000000)
  region size 1024K, 52 young (53248K), 4 survivors (4096K)
 Metaspace       used 122800K, capacity 126579K, committed 126720K, reserved 1159168K
  class space    used 15538K, capacity 16881K, committed 16896K, reserved 1048576K
GC Heap History (20 events):
Event: 567.686 GC heap before
{Heap before GC invocations=191 (full 0):
 garbage-first heap   total 225280K, used 189923K [0x00000000a0000000, 0x0000000100000000)
  region size 1024K, 11 young (11264K), 2 survivors (2048K)
 Metaspace       used 120363K, capacity 124109K, committed 124288K, reserved 1157120K
  class space    used 15367K, capacity 16684K, committed 16768K, reserved 1048576K
}
Event: 567.706 GC heap after
{Heap after GC invocations=192 (full 0):
 garbage-first heap   total 225280K, used 179278K [0x00000000a0000000, 0x0000000100000000)
  region size 1024K, 2 young (2048K), 2 survivors (2048K)
 Metaspace       used 120363K, capacity 124109K, committed 124288K, reserved 1157120K
  class space    used 15367K, capacity 16684K, committed 16768K, reserved 1048576K
}
Event: 568.298 GC heap before
{Heap before GC invocations=192 (full 0):
 garbage-first heap   total 225280K, used 193614K [0x00000000a0000000, 0x0000000100000000)
  region size 1024K, 16 young (16384K), 2 survivors (2048K)
 Metaspace       used 121162K, capacity 125005K, committed 125056K, reserved 1157120K
  class space    used 15438K, capacity 16759K, committed 16768K, reserved 1048576K
}
Event: 568.312 GC heap after
{Heap after GC invocations=193 (full 0):
 garbage-first heap   total 277504K, used 179821K [0x00000000a0000000, 0x0000000100000000)
  region size 1024K, 1 young (1024K), 1 survivors (1024K)
 Metaspace       used 121162K, capacity 125005K, committed 125056K, reserved 1157120K
  class space    used 15438K, capacity 16759K, committed 16768K, reserved 1048576K
}
Event: 569.884 GC heap before
{Heap before GC invocations=194 (full 0):
 garbage-first heap   total 277504K, used 214637K [0x00000000a0000000, 0x0000000100000000)
  region size 1024K, 35 young (35840K), 1 survivors (1024K)
 Metaspace       used 122230K, capacity 126053K, committed 126208K, reserved 1159168K
  class space    used 15497K, capacity 16846K, committed 16896K, reserved 1048576K
}
Event: 569.892 GC heap after
{Heap after GC invocations=195 (full 0):
 garbage-first heap   total 277504K, used 180747K [0x00000000a0000000, 0x0000000100000000)
  region size 1024K, 2 young (2048K), 2 survivors (2048K)
 Metaspace       used 122230K, capacity 126053K, committed 126208K, reserved 1159168K
  class space    used 15497K, capacity 16846K, committed 16896K, reserved 1048576K
}
Event: 570.240 GC heap before
{Heap before GC invocations=195 (full 0):
 garbage-first heap   total 277504K, used 217611K [0x00000000a0000000, 0x0000000100000000)
  region size 1024K, 38 young (38912K), 2 survivors (2048K)
 Metaspace       used 122372K, capacity 126199K, committed 126464K, reserved 1159168K
  class space    used 15499K, capacity 16850K, committed 16896K, reserved 1048576K
}
Event: 570.247 GC heap after
{Heap after GC invocations=196 (full 0):
 garbage-first heap   total 277504K, used 181248K [0x00000000a0000000, 0x0000000100000000)
  region size 1024K, 2 young (2048K), 2 survivors (2048K)
 Metaspace       used 122372K, capacity 126199K, committed 126464K, reserved 1159168K
  class space    used 15499K, capacity 16850K, committed 16896K, reserved 1048576K
}
Event: 570.898 GC heap before
{Heap before GC invocations=196 (full 0):
 garbage-first heap   total 277504K, used 221184K [0x00000000a0000000, 0x0000000100000000)
  region size 1024K, 41 young (41984K), 2 survivors (2048K)
 Metaspace       used 122506K, capacity 126311K, committed 126464K, reserved 1159168K
  class space    used 15497K, capacity 16840K, committed 16896K, reserved 1048576K
}
Event: 570.910 GC heap after
{Heap after GC invocations=197 (full 0):
 garbage-first heap   total 277504K, used 181154K [0x00000000a0000000, 0x0000000100000000)
  region size 1024K, 2 young (2048K), 2 survivors (2048K)
 Metaspace       used 122506K, capacity 126311K, committed 126464K, reserved 1159168K
  class space    used 15497K, capacity 16840K, committed 16896K, reserved 1048576K
}
Event: 571.274 GC heap before
{Heap before GC invocations=198 (full 0):
 garbage-first heap   total 277504K, used 223138K [0x00000000a0000000, 0x0000000100000000)
  region size 1024K, 43 young (44032K), 2 survivors (2048K)
 Metaspace       used 122560K, capacity 126379K, committed 126464K, reserved 1159168K
  class space    used 15505K, capacity 16841K, committed 16896K, reserved 1048576K
}
Event: 571.283 GC heap after
{Heap after GC invocations=199 (full 0):
 garbage-first heap   total 277504K, used 181747K [0x00000000a0000000, 0x0000000100000000)
  region size 1024K, 3 young (3072K), 3 survivors (3072K)
 Metaspace       used 122560K, capacity 126379K, committed 126464K, reserved 1159168K
  class space    used 15505K, capacity 16841K, committed 16896K, reserved 1048576K
}
Event: 571.523 GC heap before
{Heap before GC invocations=199 (full 0):
 garbage-first heap   total 277504K, used 225779K [0x00000000a0000000, 0x0000000100000000)
  region size 1024K, 46 young (47104K), 3 survivors (3072K)
 Metaspace       used 122605K, capacity 126384K, committed 126464K, reserved 1159168K
  class space    used 15512K, capacity 16841K, committed 16896K, reserved 1048576K
}
Event: 571.535 GC heap after
{Heap after GC invocations=200 (full 0):
 garbage-first heap   total 277504K, used 182704K [0x00000000a0000000, 0x0000000100000000)
  region size 1024K, 4 young (4096K), 4 survivors (4096K)
 Metaspace       used 122605K, capacity 126384K, committed 126464K, reserved 1159168K
  class space    used 15512K, capacity 16841K, committed 16896K, reserved 1048576K
}
Event: 572.176 GC heap before
{Heap before GC invocations=200 (full 0):
 garbage-first heap   total 277504K, used 227760K [0x00000000a0000000, 0x0000000100000000)
  region size 1024K, 48 young (49152K), 4 survivors (4096K)
 Metaspace       used 122669K, capacity 126464K, committed 126720K, reserved 1159168K
  class space    used 15519K, capacity 16846K, committed 16896K, reserved 1048576K
}
Event: 572.189 GC heap after
{Heap after GC invocations=201 (full 0):
 garbage-first heap   total 277504K, used 182241K [0x00000000a0000000, 0x0000000100000000)
  region size 1024K, 3 young (3072K), 3 survivors (3072K)
 Metaspace       used 122669K, capacity 126464K, committed 126720K, reserved 1159168K
  class space    used 15519K, capacity 16846K, committed 16896K, reserved 1048576K
}
Event: 572.591 GC heap before
{Heap before GC invocations=202 (full 0):
 garbage-first heap   total 277504K, used 229345K [0x00000000a0000000, 0x0000000100000000)
  region size 1024K, 49 young (50176K), 3 survivors (3072K)
 Metaspace       used 122734K, capacity 126507K, committed 126720K, reserved 1159168K
  class space    used 15538K, capacity 16881K, committed 16896K, reserved 1048576K
}
Event: 572.599 GC heap after
{Heap after GC invocations=203 (full 0):
 garbage-first heap   total 277504K, used 182789K [0x00000000a0000000, 0x0000000100000000)
  region size 1024K, 4 young (4096K), 4 survivors (4096K)
 Metaspace       used 122734K, capacity 126507K, committed 126720K, reserved 1159168K
  class space    used 15538K, capacity 16881K, committed 16896K, reserved 1048576K
}
Event: 573.203 GC heap before
{Heap before GC invocations=203 (full 0):
 garbage-first heap   total 277504K, used 230917K [0x00000000a0000000, 0x0000000100000000)
  region size 1024K, 51 young (52224K), 4 survivors (4096K)
 Metaspace       used 122776K, capacity 126578K, committed 126720K, reserved 1159168K
  class space    used 15538K, capacity 16881K, committed 16896K, reserved 1048576K
}
Event: 573.212 GC heap after
{Heap after GC invocations=204 (full 0):
 garbage-first heap   total 277504K, used 183396K [0x00000000a0000000, 0x0000000100000000)
  region size 1024K, 4 young (4096K), 4 survivors (4096K)
 Metaspace       used 122776K, capacity 126578K, committed 126720K, reserved 1159168K
  class space    used 15538K, capacity 16881K, committed 16896K, reserved 1048576K
}

