# JRE version: OpenJDK Runtime Environment (11.0.10) (build 11.0.10+0-b96-7249189)
# Java VM: OpenJDK 64-Bit Server VM (11.0.10+0-b96-7249189, mixed mode, tiered, compressed oops, g1 gc, windows-amd64)
Heap:
 garbage-first heap   total 548864K, used 281600K [0x00000000a0000000, 0x0000000100000000)
  region size 1024K, 58 young (59392K), 7 survivors (7168K)
 Metaspace       used 96201K, capacity 98926K, committed 99148K, reserved 1134592K
  class space    used 12476K, capacity 13475K, committed 13644K, reserved 1048576K
GC Heap History (20 events):
Event: 28.587 GC heap after
{Heap after GC invocations=34 (full 0):
 garbage-first heap   total 225280K, used 151658K [0x00000000a0000000, 0x0000000100000000)
  region size 1024K, 6 young (6144K), 6 survivors (6144K)
 Metaspace       used 94114K, capacity 96871K, committed 97100K, reserved 1132544K
  class space    used 12263K, capacity 13272K, committed 13388K, reserved 1048576K
}
Event: 28.639 GC heap before
{Heap before GC invocations=34 (full 0):
 garbage-first heap   total 225280K, used 158826K [0x00000000a0000000, 0x0000000100000000)
  region size 1024K, 14 young (14336K), 6 survivors (6144K)
 Metaspace       used 94265K, capacity 97019K, committed 97100K, reserved 1132544K
  class space    used 12287K, capacity 13323K, committed 13388K, reserved 1048576K
}
Event: 28.657 GC heap after
{Heap after GC invocations=35 (full 0):
 garbage-first heap   total 225280K, used 154414K [0x00000000a0000000, 0x0000000100000000)
  region size 1024K, 3 young (3072K), 3 survivors (3072K)
 Metaspace       used 94265K, capacity 97019K, committed 97100K, reserved 1132544K
  class space    used 12287K, capacity 13323K, committed 13388K, reserved 1048576K
}
Event: 29.235 GC heap before
{Heap before GC invocations=36 (full 0):
 garbage-first heap   total 225280K, used 171822K [0x00000000a0000000, 0x0000000100000000)
  region size 1024K, 20 young (20480K), 3 survivors (3072K)
 Metaspace       used 94411K, capacity 97085K, committed 97740K, reserved 1134592K
  class space    used 12266K, capacity 13249K, committed 13516K, reserved 1048576K
}
Event: 29.259 GC heap after
{Heap after GC invocations=37 (full 0):
 garbage-first heap   total 225280K, used 160056K [0x00000000a0000000, 0x0000000100000000)
  region size 1024K, 3 young (3072K), 3 survivors (3072K)
 Metaspace       used 94411K, capacity 97085K, committed 97740K, reserved 1134592K
  class space    used 12266K, capacity 13249K, committed 13516K, reserved 1048576K
}
Event: 29.702 GC heap before
{Heap before GC invocations=37 (full 0):
 garbage-first heap   total 225280K, used 180536K [0x00000000a0000000, 0x0000000100000000)
  region size 1024K, 22 young (22528K), 3 survivors (3072K)
 Metaspace       used 94948K, capacity 97575K, committed 97996K, reserved 1134592K
  class space    used 12306K, capacity 13277K, committed 13516K, reserved 1048576K
}
Event: 29.739 GC heap after
{Heap after GC invocations=38 (full 0):
 garbage-first heap   total 225280K, used 168960K [0x00000000a0000000, 0x0000000100000000)
  region size 1024K, 3 young (3072K), 3 survivors (3072K)
 Metaspace       used 94948K, capacity 97575K, committed 97996K, reserved 1134592K
  class space    used 12306K, capacity 13277K, committed 13516K, reserved 1048576K
}
Event: 29.900 GC heap before
{Heap before GC invocations=38 (full 0):
 garbage-first heap   total 225280K, used 185344K [0x00000000a0000000, 0x0000000100000000)
  region size 1024K, 19 young (19456K), 3 survivors (3072K)
 Metaspace       used 95116K, capacity 97763K, committed 98252K, reserved 1134592K
  class space    used 12327K, capacity 13315K, committed 13516K, reserved 1048576K
}
Event: 29.935 GC heap after
{Heap after GC invocations=39 (full 0):
 garbage-first heap   total 225280K, used 176384K [0x00000000a0000000, 0x0000000100000000)
  region size 1024K, 3 young (3072K), 3 survivors (3072K)
 Metaspace       used 95116K, capacity 97763K, committed 98252K, reserved 1134592K
  class space    used 12327K, capacity 13315K, committed 13516K, reserved 1048576K
}
Event: 30.052 GC heap before
{Heap before GC invocations=40 (full 0):
 garbage-first heap   total 225280K, used 188672K [0x00000000a0000000, 0x0000000100000000)
  region size 1024K, 15 young (15360K), 3 survivors (3072K)
 Metaspace       used 95309K, capacity 98018K, committed 98252K, reserved 1134592K
  class space    used 12355K, capacity 13355K, committed 13516K, reserved 1048576K
}
Event: 30.086 GC heap after
{Heap after GC invocations=41 (full 0):
 garbage-first heap   total 292864K, used 181247K [0x00000000a0000000, 0x0000000100000000)
  region size 1024K, 2 young (2048K), 2 survivors (2048K)
 Metaspace       used 95309K, capacity 98018K, committed 98252K, reserved 1134592K
  class space    used 12355K, capacity 13355K, committed 13516K, reserved 1048576K
}
Event: 30.215 GC heap before
{Heap before GC invocations=41 (full 0):
 garbage-first heap   total 292864K, used 194559K [0x00000000a0000000, 0x0000000100000000)
  region size 1024K, 17 young (17408K), 2 survivors (2048K)
 Metaspace       used 95369K, capacity 98091K, committed 98508K, reserved 1134592K
  class space    used 12358K, capacity 13356K, committed 13516K, reserved 1048576K
}
Event: 30.246 GC heap after
{Heap after GC invocations=42 (full 0):
 garbage-first heap   total 292864K, used 187766K [0x00000000a0000000, 0x0000000100000000)
  region size 1024K, 5 young (5120K), 5 survivors (5120K)
 Metaspace       used 95369K, capacity 98091K, committed 98508K, reserved 1134592K
  class space    used 12358K, capacity 13356K, committed 13516K, reserved 1048576K
}
Event: 30.962 GC heap before
{Heap before GC invocations=42 (full 0):
 garbage-first heap   total 292864K, used 221558K [0x00000000a0000000, 0x0000000100000000)
  region size 1024K, 34 young (34816K), 5 survivors (5120K)
 Metaspace       used 96064K, capacity 98846K, committed 99148K, reserved 1134592K
  class space    used 12476K, capacity 13475K, committed 13644K, reserved 1048576K
}
Event: 31.039 GC heap after
{Heap after GC invocations=43 (full 0):
 garbage-first heap   total 292864K, used 206787K [0x00000000a0000000, 0x0000000100000000)
  region size 1024K, 5 young (5120K), 5 survivors (5120K)
 Metaspace       used 96064K, capacity 98846K, committed 99148K, reserved 1134592K
  class space    used 12476K, capacity 13475K, committed 13644K, reserved 1048576K
}
Event: 31.205 GC heap before
{Heap before GC invocations=44 (full 0):
 garbage-first heap   total 292864K, used 228291K [0x00000000a0000000, 0x0000000100000000)
  region size 1024K, 27 young (27648K), 5 survivors (5120K)
 Metaspace       used 96075K, capacity 98846K, committed 99148K, reserved 1134592K
  class space    used 12476K, capacity 13475K, committed 13644K, reserved 1048576K
}
Event: 31.258 GC heap after
{Heap after GC invocations=45 (full 0):
 garbage-first heap   total 292864K, used 218624K [0x00000000a0000000, 0x0000000100000000)
  region size 1024K, 4 young (4096K), 4 survivors (4096K)
 Metaspace       used 96075K, capacity 98846K, committed 99148K, reserved 1134592K
  class space    used 12476K, capacity 13475K, committed 13644K, reserved 1048576K
}
Event: 31.361 GC heap before
{Heap before GC invocations=45 (full 0):
 garbage-first heap   total 292864K, used 237056K [0x00000000a0000000, 0x0000000100000000)
  region size 1024K, 22 young (22528K), 4 survivors (4096K)
 Metaspace       used 96112K, capacity 98851K, committed 99148K, reserved 1134592K
  class space    used 12476K, capacity 13475K, committed 13644K, reserved 1048576K
}
Event: 31.411 GC heap after
{Heap after GC invocations=46 (full 0):
 garbage-first heap   total 548864K, used 229376K [0x00000000a0000000, 0x0000000100000000)
  region size 1024K, 3 young (3072K), 3 survivors (3072K)
 Metaspace       used 96112K, capacity 98851K, committed 99148K, reserved 1134592K
  class space    used 12476K, capacity 13475K, committed 13644K, reserved 1048576K
}
Event: 32.028 GC heap before
{Heap before GC invocations=46 (full 0):
 garbage-first heap   total 548864K, used 280576K [0x00000000a0000000, 0x0000000100000000)
  region size 1024K, 54 young (55296K), 3 survivors (3072K)
 Metaspace       used 96201K, capacity 98926K, committed 99148K, reserved 1134592K
  class space    used 12476K, capacity 13475K, committed 13644K, reserved 1048576K
}

