# JRE version: OpenJDK Runtime Environment (11.0.10) (build 11.0.10+0-b96-7249189)
# Java VM: OpenJDK 64-Bit Server VM (11.0.10+0-b96-7249189, mixed mode, tiered, compressed oops, g1 gc, windows-amd64)
Heap:
 garbage-first heap   total 155648K, used 80265K [0x00000000a0000000, 0x0000000100000000)
  region size 1024K, 37 young (37888K), 6 survivors (6144K)
 Metaspace       used 63667K, capacity 65398K, committed 65612K, reserved 1105920K
  class space    used 8085K, capacity 8679K, committed 8780K, reserved 1048576K
GC Heap History (20 events):
Event: 1.466 GC heap before
{Heap before GC invocations=1 (full 0):
 garbage-first heap   total 129024K, used 19499K [0x00000000a0000000, 0x0000000100000000)
  region size 1024K, 14 young (14336K), 2 survivors (2048K)
 Metaspace       used 9842K, capacity 10058K, committed 10112K, reserved 1058816K
  class space    used 1021K, capacity 1102K, committed 1152K, reserved 1048576K
}
Event: 1.474 GC heap after
{Heap after GC invocations=2 (full 0):
 garbage-first heap   total 129024K, used 9286K [0x00000000a0000000, 0x0000000100000000)
  region size 1024K, 2 young (2048K), 2 survivors (2048K)
 Metaspace       used 9842K, capacity 10058K, committed 10112K, reserved 1058816K
  class space    used 1021K, capacity 1102K, committed 1152K, reserved 1048576K
}
Event: 2.345 GC heap before
{Heap before GC invocations=2 (full 0):
 garbage-first heap   total 129024K, used 36934K [0x00000000a0000000, 0x0000000100000000)
  region size 1024K, 29 young (29696K), 2 survivors (2048K)
 Metaspace       used 10782K, capacity 11011K, committed 11264K, reserved 1058816K
  class space    used 1124K, capacity 1206K, committed 1280K, reserved 1048576K
}
Event: 2.350 GC heap after
{Heap after GC invocations=3 (full 0):
 garbage-first heap   total 129024K, used 11151K [0x00000000a0000000, 0x0000000100000000)
  region size 1024K, 4 young (4096K), 4 survivors (4096K)
 Metaspace       used 10782K, capacity 11011K, committed 11264K, reserved 1058816K
  class space    used 1124K, capacity 1206K, committed 1280K, reserved 1048576K
}
Event: 4.958 GC heap before
{Heap before GC invocations=3 (full 0):
 garbage-first heap   total 129024K, used 52111K [0x00000000a0000000, 0x0000000100000000)
  region size 1024K, 44 young (45056K), 4 survivors (4096K)
 Metaspace       used 17408K, capacity 17838K, committed 18048K, reserved 1064960K
  class space    used 2028K, capacity 2172K, committed 2176K, reserved 1048576K
}
Event: 5.001 GC heap after
{Heap after GC invocations=4 (full 0):
 garbage-first heap   total 129024K, used 15698K [0x00000000a0000000, 0x0000000100000000)
  region size 1024K, 6 young (6144K), 6 survivors (6144K)
 Metaspace       used 17408K, capacity 17838K, committed 18048K, reserved 1064960K
  class space    used 2028K, capacity 2172K, committed 2176K, reserved 1048576K
}
Event: 5.422 GC heap before
{Heap before GC invocations=4 (full 0):
 garbage-first heap   total 129024K, used 44370K [0x00000000a0000000, 0x0000000100000000)
  region size 1024K, 35 young (35840K), 6 survivors (6144K)
 Metaspace       used 20638K, capacity 21126K, committed 21248K, reserved 1067008K
  class space    used 2519K, capacity 2720K, committed 2816K, reserved 1048576K
}
Event: 5.432 GC heap after
{Heap after GC invocations=5 (full 0):
 garbage-first heap   total 129024K, used 17259K [0x00000000a0000000, 0x0000000100000000)
  region size 1024K, 2 young (2048K), 2 survivors (2048K)
 Metaspace       used 20638K, capacity 21126K, committed 21248K, reserved 1067008K
  class space    used 2519K, capacity 2720K, committed 2816K, reserved 1048576K
}
Event: 6.256 GC heap before
{Heap before GC invocations=6 (full 0):
 garbage-first heap   total 129024K, used 65387K [0x00000000a0000000, 0x0000000100000000)
  region size 1024K, 50 young (51200K), 2 survivors (2048K)
 Metaspace       used 25621K, capacity 26202K, committed 26368K, reserved 1073152K
  class space    used 3350K, capacity 3566K, committed 3584K, reserved 1048576K
}
Event: 6.263 GC heap after
{Heap after GC invocations=7 (full 0):
 garbage-first heap   total 129024K, used 18739K [0x00000000a0000000, 0x0000000100000000)
  region size 1024K, 3 young (3072K), 3 survivors (3072K)
 Metaspace       used 25621K, capacity 26202K, committed 26368K, reserved 1073152K
  class space    used 3350K, capacity 3566K, committed 3584K, reserved 1048576K
}
Event: 7.811 GC heap before
{Heap before GC invocations=7 (full 0):
 garbage-first heap   total 129024K, used 79155K [0x00000000a0000000, 0x0000000100000000)
  region size 1024K, 63 young (64512K), 3 survivors (3072K)
 Metaspace       used 35052K, capacity 35838K, committed 35840K, reserved 1081344K
  class space    used 4540K, capacity 4864K, committed 4864K, reserved 1048576K
}
Event: 7.828 GC heap after
{Heap after GC invocations=8 (full 0):
 garbage-first heap   total 129024K, used 22451K [0x00000000a0000000, 0x0000000100000000)
  region size 1024K, 7 young (7168K), 7 survivors (7168K)
 Metaspace       used 35052K, capacity 35838K, committed 35840K, reserved 1081344K
  class space    used 4540K, capacity 4864K, committed 4864K, reserved 1048576K
}
Event: 8.968 GC heap before
{Heap before GC invocations=9 (full 0):
 garbage-first heap   total 129024K, used 87987K [0x00000000a0000000, 0x0000000100000000)
  region size 1024K, 69 young (70656K), 7 survivors (7168K)
 Metaspace       used 40505K, capacity 41480K, committed 41804K, reserved 1085440K
  class space    used 5238K, capacity 5582K, committed 5708K, reserved 1048576K
}
Event: 8.990 GC heap after
{Heap after GC invocations=10 (full 0):
 garbage-first heap   total 155648K, used 26501K [0x00000000a0000000, 0x0000000100000000)
  region size 1024K, 8 young (8192K), 8 survivors (8192K)
 Metaspace       used 40505K, capacity 41480K, committed 41804K, reserved 1085440K
  class space    used 5238K, capacity 5582K, committed 5708K, reserved 1048576K
}
Event: 10.538 GC heap before
{Heap before GC invocations=11 (full 0):
 garbage-first heap   total 155648K, used 111493K [0x00000000a0000000, 0x0000000100000000)
  region size 1024K, 91 young (93184K), 8 survivors (8192K)
 Metaspace       used 46650K, capacity 47875K, committed 47948K, reserved 1091584K
  class space    used 5971K, capacity 6413K, committed 6476K, reserved 1048576K
}
Event: 10.565 GC heap after
{Heap after GC invocations=12 (full 0):
 garbage-first heap   total 155648K, used 30362K [0x00000000a0000000, 0x0000000100000000)
  region size 1024K, 8 young (8192K), 8 survivors (8192K)
 Metaspace       used 46650K, capacity 47875K, committed 47948K, reserved 1091584K
  class space    used 5971K, capacity 6413K, committed 6476K, reserved 1048576K
}
Event: 14.677 GC heap before
{Heap before GC invocations=12 (full 0):
 garbage-first heap   total 155648K, used 118426K [0x00000000a0000000, 0x0000000100000000)
  region size 1024K, 91 young (93184K), 8 survivors (8192K)
 Metaspace       used 55462K, capacity 56937K, committed 57036K, reserved 1099776K
  class space    used 7016K, capacity 7540K, committed 7628K, reserved 1048576K
}
Event: 14.700 GC heap after
{Heap after GC invocations=13 (full 0):
 garbage-first heap   total 155648K, used 43008K [0x00000000a0000000, 0x0000000100000000)
  region size 1024K, 12 young (12288K), 12 survivors (12288K)
 Metaspace       used 55462K, capacity 56937K, committed 57036K, reserved 1099776K
  class space    used 7016K, capacity 7540K, committed 7628K, reserved 1048576K
}
Event: 16.417 GC heap before
{Heap before GC invocations=13 (full 0):
 garbage-first heap   total 155648K, used 117760K [0x00000000a0000000, 0x0000000100000000)
  region size 1024K, 85 young (87040K), 12 survivors (12288K)
 Metaspace       used 63161K, capacity 64782K, committed 64972K, reserved 1105920K
  class space    used 8025K, capacity 8626K, committed 8652K, reserved 1048576K
}
Event: 16.446 GC heap after
{Heap after GC invocations=14 (full 0):
 garbage-first heap   total 155648K, used 49545K [0x00000000a0000000, 0x0000000100000000)
  region size 1024K, 6 young (6144K), 6 survivors (6144K)
 Metaspace       used 63161K, capacity 64782K, committed 64972K, reserved 1105920K
  class space    used 8025K, capacity 8626K, committed 8652K, reserved 1048576K
}

